<?xml version="1.0" encoding="UTF-8"?>
<!-- Generated by org.testng.reporters.JUnitXMLReporter -->
<testsuite ignored="0" hostname="DESKTOP-A31N17G" failures="1" tests="2" name="Test" time="4.183" errors="0" timestamp="20 Apr 2020 21:37:26 GMT">
  <testcase classname="rest.api.playground.test.addproduct.test.AddProductTest" name="fn_verify_post_Request" time="1.663">
    <failure type="java.lang.NoClassDefFoundError" message="io/restassured/common/mapper/factory/ObjectMapperFactory">
      <![CDATA[java.lang.NoClassDefFoundError: io/restassured/common/mapper/factory/ObjectMapperFactory
	at java.base/java.lang.ClassLoader.defineClass1(Native Method)
	at java.base/java.lang.ClassLoader.defineClass(ClassLoader.java:1016)
	at java.base/java.security.SecureClassLoader.defineClass(SecureClassLoader.java:151)
	at java.base/jdk.internal.loader.BuiltinClassLoader.defineClass(BuiltinClassLoader.java:821)
	at java.base/jdk.internal.loader.BuiltinClassLoader.findClassOnClassPathOrNull(BuiltinClassLoader.java:719)
	at java.base/jdk.internal.loader.BuiltinClassLoader.loadClassOrNull(BuiltinClassLoader.java:642)
	at java.base/jdk.internal.loader.BuiltinClassLoader.loadClass(BuiltinClassLoader.java:600)
	at java.base/jdk.internal.loader.ClassLoaders$AppClassLoader.loadClass(ClassLoaders.java:178)
	at java.base/java.lang.ClassLoader.loadClass(ClassLoader.java:521)
	at java.base/java.lang.Class.getDeclaredConstructors0(Native Method)
	at java.base/java.lang.Class.privateGetDeclaredConstructors(Class.java:3138)
	at java.base/java.lang.Class.getDeclaredConstructors(Class.java:2358)
	at java.base/java.security.AccessController.doPrivileged(AccessController.java:312)
	at org.codehaus.groovy.util.LazyReference.getLocked(LazyReference.java:49)
	at org.codehaus.groovy.util.LazyReference.get(LazyReference.java:36)
	at groovy.lang.MetaClassImpl.<init>(MetaClassImpl.java:220)
	at groovy.lang.MetaClassImpl.<init>(MetaClassImpl.java:230)
	at groovy.lang.MetaClassRegistry$MetaClassCreationHandle.createNormalMetaClass(MetaClassRegistry.java:171)
	at groovy.lang.MetaClassRegistry$MetaClassCreationHandle.createWithCustomLookup(MetaClassRegistry.java:161)
	at groovy.lang.MetaClassRegistry$MetaClassCreationHandle.create(MetaClassRegistry.java:144)
	at org.codehaus.groovy.runtime.metaclass.MetaClassRegistryImpl.getMetaClass(MetaClassRegistryImpl.java:257)
	at org.codehaus.groovy.runtime.InvokerHelper.getMetaClass(InvokerHelper.java:881)
	at org.codehaus.groovy.runtime.callsite.CallSiteArray.createCallConstructorSite(CallSiteArray.java:87)
	at org.codehaus.groovy.runtime.callsite.CallSiteArray.defaultCallConstructor(CallSiteArray.java:60)
	at org.codehaus.groovy.runtime.callsite.AbstractCallSite.callConstructor(AbstractCallSite.java:235)
	at org.codehaus.groovy.runtime.callsite.AbstractCallSite.callConstructor(AbstractCallSite.java:247)
	at io.restassured.internal.mapping.Jackson2Mapper.<init>(Jackson2Mapper.groovy:40)
	at org.codehaus.groovy.runtime.callsite.ConstructorSite$ConstructorSiteNoUnwrapNoCoerce.callConstructor(ConstructorSite.java:105)
	at org.codehaus.groovy.runtime.callsite.CallSiteArray.defaultCallConstructor(CallSiteArray.java:60)
	at org.codehaus.groovy.runtime.callsite.AbstractCallSite.callConstructor(AbstractCallSite.java:235)
	at org.codehaus.groovy.runtime.callsite.AbstractCallSite.callConstructor(AbstractCallSite.java:247)
	at io.restassured.internal.mapping.ObjectMapping.serializeWithJackson2(ObjectMapping.groovy:181)
	at org.codehaus.groovy.runtime.callsite.StaticMetaMethodSite$StaticMetaMethodSiteNoUnwrapNoCoerce.invoke(StaticMetaMethodSite.java:151)
	at org.codehaus.groovy.runtime.callsite.StaticMetaMethodSite.callStatic(StaticMetaMethodSite.java:102)
	at org.codehaus.groovy.runtime.callsite.CallSiteArray.defaultCallStatic(CallSiteArray.java:56)
	at org.codehaus.groovy.runtime.callsite.AbstractCallSite.callStatic(AbstractCallSite.java:194)
	at org.codehaus.groovy.runtime.callsite.AbstractCallSite.callStatic(AbstractCallSite.java:214)
	at io.restassured.internal.mapping.ObjectMapping.serialize(ObjectMapping.groovy:130)
	at io.restassured.internal.mapping.ObjectMapping$serialize.call(Unknown Source)
	at org.codehaus.groovy.runtime.callsite.CallSiteArray.defaultCall(CallSiteArray.java:48)
	at org.codehaus.groovy.runtime.callsite.AbstractCallSite.call(AbstractCallSite.java:113)
	at io.restassured.internal.RequestSpecificationImpl.body(RequestSpecificationImpl.groovy:829)
	at rest.api.playground.test.addproduct.test.AddProductTest.fn_verify_post_Request(AddProductTest.java:32)
Caused by: java.lang.ClassNotFoundException: io.restassured.common.mapper.factory.ObjectMapperFactory
	at java.base/jdk.internal.loader.BuiltinClassLoader.loadClass(BuiltinClassLoader.java:602)
	at java.base/jdk.internal.loader.ClassLoaders$AppClassLoader.loadClass(ClassLoaders.java:178)
	at java.base/java.lang.ClassLoader.loadClass(ClassLoader.java:521)
	... 85 more
... Removed 42 stack frames]]>
    </failure>
  </testcase> <!-- fn_verify_post_Request -->
  <testcase classname="rest.api.playground.test.addproduct.test.AddProductTest" name="fn_verify_postRequest_using_json_simple_lib" time="2.437"/>
</testsuite> <!-- Test -->
