<?xml version="1.0" encoding="UTF-8"?>
<!-- Generated by org.testng.reporters.JUnitXMLReporter -->
<testsuite ignored="0" hostname="DESKTOP-A31N17G" failures="1" tests="1" name="Test" time="0.027" errors="0" timestamp="22 Apr 2020 17:57:26 GMT">
  <testcase classname="rest.api.playground.test.addproduct.test.AddProductTest" name="fn_verify_postRequest_using_json_simple_lib" time="0.0">
    <failure type="org.testng.TestNGException" message="
Cannot inject @Test annotated Method [fn_verify_postRequest_using_json_simple_lib] with [class java.lang.String].
For more information on native dependency injection please refer to http://testng.org/doc/documentation-main.html#native-dependency-injection">
      <![CDATA[org.testng.TestNGException: 
Cannot inject @Test annotated Method [fn_verify_postRequest_using_json_simple_lib] with [class java.lang.String].
For more information on native dependency injection please refer to http://testng.org/doc/documentation-main.html#native-dependency-injection
... Removed 24 stack frames]]>
    </failure>
  </testcase> <!-- fn_verify_postRequest_using_json_simple_lib -->
</testsuite> <!-- Test -->
