<?xml version="1.0" encoding="UTF-8"?>
<testng-results skipped="0" failed="0" total="1" passed="1">
  <reporter-output>
  </reporter-output>
  <suite name="Default suite" duration-ms="3212" started-at="2019-10-15T19:19:10Z" finished-at="2019-10-15T19:19:13Z">
    <groups>
    </groups>
    <test name="Default test" duration-ms="3212" started-at="2019-10-15T19:19:10Z" finished-at="2019-10-15T19:19:13Z">
      <class name="rest.api.playground.test.getproduct.GetProductTest">
        <test-method status="PASS" signature="fn_verify_login()[pri:0, instance:rest.api.playground.test.getproduct.GetProductTest@4f933fd1]" name="fn_verify_login" duration-ms="3188" started-at="2019-10-16T00:49:10Z" description="verify the login" finished-at="2019-10-16T00:49:13Z">
          <reporter-output>
          </reporter-output>
        </test-method> <!-- fn_verify_login -->
      </class> <!-- rest.api.playground.test.getproduct.GetProductTest -->
    </test> <!-- Default test -->
  </suite> <!-- Default suite -->
</testng-results>
