<?xml version="1.0" encoding="UTF-8"?>
<testng-results ignored="0" total="1" passed="1" failed="0" skipped="0">
  <reporter-output>
  </reporter-output>
  <suite started-at="2020-04-22T08:24:42Z" name="Default suite" finished-at="2020-04-22T08:24:44Z" duration-ms="2133">
    <groups>
    </groups>
    <test started-at="2020-04-22T08:24:42Z" name="Default test" finished-at="2020-04-22T08:24:44Z" duration-ms="2133">
      <class name="rest.api.playground.test.addproduct.test.AddProductTest">
        <test-method signature="fn_verify_postRequest_using_json_simple_lib()[pri:2, instance:rest.api.playground.test.addproduct.test.AddProductTest@6f19ac19]" started-at="2020-04-22T01:24:42Z" name="fn_verify_postRequest_using_json_simple_lib" description="Add a new Product and verify it using json simple libraray" finished-at="2020-04-22T01:24:44Z" duration-ms="2103" status="PASS">
          <reporter-output>
          </reporter-output>
        </test-method> <!-- fn_verify_postRequest_using_json_simple_lib -->
      </class> <!-- rest.api.playground.test.addproduct.test.AddProductTest -->
    </test> <!-- Default test -->
  </suite> <!-- Default suite -->
</testng-results>
